<?xml version="1.0" encoding="UTF-8"?>
<testsuite xmlns:xsi="http://www.w3.org/2001/XMLSchema-instance" xsi:noNamespaceSchemaLocation="https://maven.apache.org/surefire/maven-surefire-plugin/xsd/surefire-test-report-3.0.xsd" version="3.0" name="MainTest" time="0.288" tests="6" errors="0" skipped="0" failures="0">
  <properties>
[...]
</properties>
  <testcase name="testPower_ValidInput" classname="MainTest" time="0.273">
    <system-out><![CDATA[14:38:37.405 [main] INFO  org.example.Main - Operation: Power - Start
14:38:37.408 [main] INFO  org.example.Main - Operation: Power, Base: 2.0, Exponent: 3.0, Result: 8.0
14:38:37.408 [main] INFO  org.example.Main - Operation: Power - End
]]></system-out>
  </testcase>
  <testcase name="testSquareRoot_ValidInput" classname="MainTest" time="0.001">
    <system-out><![CDATA[14:38:37.412 [main] INFO  org.example.Main - Operation: Square root - Start
14:38:37.413 [main] INFO  org.example.Main - Operation: Square root, Input: 16.0, Result: 4.0
14:38:37.413 [main] INFO  org.example.Main - Operation: Square root - End
]]></system-out>
  </testcase>
  <testcase name="testPower_ZeroExponent" classname="MainTest" time="0.001">
    <system-out><![CDATA[14:38:37.413 [main] INFO  org.example.Main - Operation: Power - Start
14:38:37.413 [main] INFO  org.example.Main - Operation: Power, Base: 5.0, Exponent: 0.0, Result: 1.0
14:38:37.414 [main] INFO  org.example.Main - Operation: Power - End
]]></system-out>
  </testcase>
  <testcase name="testNaturalLogarithm_ValidInput" classname="MainTest" time="0.001">
    <system-out><![CDATA[14:38:37.414 [main] INFO  org.example.Main - Operation: Natural logarithm - Start
14:38:37.415 [main] INFO  org.example.Main - Operation: Natural logarithm, Input: 2.71828, Result: 0.999999327347282
14:38:37.415 [main] INFO  org.example.Main - Operation: Natural logarithm - End
]]></system-out>
  </testcase>
  <testcase name="testFactorial_ValidInput" classname="MainTest" time="0.002">
    <system-out><![CDATA[14:38:37.415 [main] INFO  org.example.Main - Operation: Factorial - Start
14:38:37.417 [main] INFO  org.example.Main - Operation: Factorial, Input: 5, Result: 120
14:38:37.417 [main] INFO  org.example.Main - Operation: Factorial - End
]]></system-out>
  </testcase>
  <testcase name="testZeroFactorial_ValidInput" classname="MainTest" time="0">
    <system-out><![CDATA[14:38:37.418 [main] INFO  org.example.Main - Operation: Factorial - Start
14:38:37.418 [main] INFO  org.example.Main - Operation: Factorial, Input: 0, Result: 1
14:38:37.418 [main] INFO  org.example.Main - Operation: Factorial - End
]]></system-out>
  </testcase>
</testsuite>